C:\CYGWIN\HOME\MAARTEN\UVA\AFSTUDEREN\CRAX\VISUALXABSL\DEBUG\XABSLENGINE.DLL
C:\cygwin\home\maarten\uva\afstuderen\crax\VisualXabsl\Debug\XabslEngine.exp
C:\CYGWIN\HOME\MAARTEN\UVA\AFSTUDEREN\CRAX\VISUALXABSL\DEBUG\XABSLENGINE.ILK
C:\cygwin\home\maarten\uva\afstuderen\crax\VisualXabsl\Debug\XabslEngine.lib
C:\CYGWIN\HOME\MAARTEN\UVA\AFSTUDEREN\CRAX\VISUALXABSL\DEBUG\XABSLENGINE.PDB
C:\CYGWIN\HOME\MAARTEN\UVA\AFSTUDEREN\CRAX\VISUALXABSL\SRC\TESTDLLAPPLICATION\DEBUG\DLLMAIN.OBJ
C:\CYGWIN\HOME\MAARTEN\UVA\AFSTUDEREN\CRAX\VISUALXABSL\SRC\TESTDLLAPPLICATION\DEBUG\STDAFX.OBJ
C:\CYGWIN\HOME\MAARTEN\UVA\AFSTUDEREN\CRAX\VISUALXABSL\SRC\TESTDLLAPPLICATION\DEBUG\TESTDLLAPPLICATION.OBJ
C:\CYGWIN\HOME\MAARTEN\UVA\AFSTUDEREN\CRAX\VISUALXABSL\SRC\TESTDLLAPPLICATION\DEBUG\VC110.PDB
C:\CYGWIN\HOME\MAARTEN\UVA\AFSTUDEREN\CRAX\VISUALXABSL\SRC\TESTDLLAPPLICATION\DEBUG\XABSLENGINE.DLL.EMBED.MANIFEST
C:\CYGWIN\HOME\MAARTEN\UVA\AFSTUDEREN\CRAX\VISUALXABSL\SRC\TESTDLLAPPLICATION\DEBUG\XABSLENGINE.DLL.EMBED.MANIFEST.RES
C:\CYGWIN\HOME\MAARTEN\UVA\AFSTUDEREN\CRAX\VISUALXABSL\SRC\TESTDLLAPPLICATION\DEBUG\XABSLENGINE.DLL.INTERMEDIATE.MANIFEST
C:\CYGWIN\HOME\MAARTEN\UVA\AFSTUDEREN\CRAX\VISUALXABSL\SRC\TESTDLLAPPLICATION\DEBUG\XABSLENGINE.PCH
C:\cygwin\home\maarten\uva\afstuderen\crax\VisualXabsl\src\XabslEngine\Debug\cl.command.1.tlog
C:\cygwin\home\maarten\uva\afstuderen\crax\VisualXabsl\src\XabslEngine\Debug\CL.read.1.tlog
C:\cygwin\home\maarten\uva\afstuderen\crax\VisualXabsl\src\XabslEngine\Debug\CL.write.1.tlog
C:\cygwin\home\maarten\uva\afstuderen\crax\VisualXabsl\src\XabslEngine\Debug\dllmain.obj
C:\cygwin\home\maarten\uva\afstuderen\crax\VisualXabsl\src\XabslEngine\Debug\link.4376.read.1.tlog
C:\cygwin\home\maarten\uva\afstuderen\crax\VisualXabsl\src\XabslEngine\Debug\link.4376.write.1.tlog
C:\cygwin\home\maarten\uva\afstuderen\crax\VisualXabsl\src\XabslEngine\Debug\link.4376-cvtres.read.1.tlog
C:\cygwin\home\maarten\uva\afstuderen\crax\VisualXabsl\src\XabslEngine\Debug\link.4376-cvtres.write.1.tlog
C:\cygwin\home\maarten\uva\afstuderen\crax\VisualXabsl\src\XabslEngine\Debug\link.command.1.tlog
C:\cygwin\home\maarten\uva\afstuderen\crax\VisualXabsl\src\XabslEngine\Debug\link.read.1.tlog
C:\cygwin\home\maarten\uva\afstuderen\crax\VisualXabsl\src\XabslEngine\Debug\link.write.1.tlog
C:\cygwin\home\maarten\uva\afstuderen\crax\VisualXabsl\src\XabslEngine\Debug\link-cvtres.read.1.tlog
C:\cygwin\home\maarten\uva\afstuderen\crax\VisualXabsl\src\XabslEngine\Debug\link-cvtres.write.1.tlog
C:\cygwin\home\maarten\uva\afstuderen\crax\VisualXabsl\src\XabslEngine\Debug\mt.command.1.tlog
C:\cygwin\home\maarten\uva\afstuderen\crax\VisualXabsl\src\XabslEngine\Debug\mt.read.1.tlog
C:\cygwin\home\maarten\uva\afstuderen\crax\VisualXabsl\src\XabslEngine\Debug\mt.write.1.tlog
C:\cygwin\home\maarten\uva\afstuderen\crax\VisualXabsl\src\XabslEngine\Debug\rc.command.1.tlog
C:\cygwin\home\maarten\uva\afstuderen\crax\VisualXabsl\src\XabslEngine\Debug\rc.read.1.tlog
C:\cygwin\home\maarten\uva\afstuderen\crax\VisualXabsl\src\XabslEngine\Debug\rc.write.1.tlog
C:\cygwin\home\maarten\uva\afstuderen\crax\VisualXabsl\src\XabslEngine\Debug\stdafx.obj
C:\cygwin\home\maarten\uva\afstuderen\crax\VisualXabsl\src\XabslEngine\Debug\TestDLLapplication.dll.embed.manifest
C:\cygwin\home\maarten\uva\afstuderen\crax\VisualXabsl\src\XabslEngine\Debug\TestDLLapplication.dll.embed.manifest.res
C:\cygwin\home\maarten\uva\afstuderen\crax\VisualXabsl\src\XabslEngine\Debug\TestDLLapplication.obj
C:\cygwin\home\maarten\uva\afstuderen\crax\VisualXabsl\src\XabslEngine\Debug\TestDLLapplication.pch
C:\cygwin\home\maarten\uva\afstuderen\crax\VisualXabsl\src\XabslEngine\Debug\TestDLLapplication_manifest.rc
C:\cygwin\home\maarten\uva\afstuderen\crax\VisualXabsl\src\XabslEngine\Debug\vc110.idb
C:\cygwin\home\maarten\uva\afstuderen\crax\VisualXabsl\src\XabslEngine\Debug\vc110.pdb
C:\cygwin\home\maarten\uva\afstuderen\crax\VisualXabsl\src\XabslEngine\Debug\XabslEngine.dll.embed.manifest
C:\cygwin\home\maarten\uva\afstuderen\crax\VisualXabsl\src\XabslEngine\Debug\XabslEngine.dll.embed.manifest.res
C:\cygwin\home\maarten\uva\afstuderen\crax\VisualXabsl\src\XabslEngine\Debug\XabslEngine.dll.intermediate.manifest
C:\cygwin\home\maarten\uva\afstuderen\crax\VisualXabsl\src\XabslEngine\Debug\XabslEngine.pch
C:\cygwin\home\maarten\uva\afstuderen\crax\VisualXabsl\src\XabslEngine\Debug\XabslEngine.write.1.tlog
C:\cygwin\home\maarten\uva\afstuderen\crax\VisualXabsl\src\XabslEngine\Debug\XabslEngine_manifest.rc
C:\USERS\MAARTEN\DOCUMENTS\VISUAL STUDIO 11\PROJECTS\PROJECT1\TESTDLLAPPLICATION\DEBUG\DLLMAIN.OBJ
C:\USERS\MAARTEN\DOCUMENTS\VISUAL STUDIO 11\PROJECTS\PROJECT1\TESTDLLAPPLICATION\DEBUG\STDAFX.OBJ
C:\USERS\MAARTEN\DOCUMENTS\VISUAL STUDIO 11\PROJECTS\PROJECT1\TESTDLLAPPLICATION\DEBUG\TESTDLLAPPLICATION.DLL.EMBED.MANIFEST.RES
C:\USERS\MAARTEN\DOCUMENTS\VISUAL STUDIO 11\PROJECTS\PROJECT1\TESTDLLAPPLICATION\DEBUG\TESTDLLAPPLICATION.OBJ
C:\USERS\MAARTEN\DOCUMENTS\VISUAL STUDIO 11\PROJECTS\PROJECT1\TESTDLLAPPLICATION\DEBUG\TESTDLLAPPLICATION.PCH
C:\USERS\MAARTEN\DOCUMENTS\VISUAL STUDIO 11\PROJECTS\PROJECT1\TESTDLLAPPLICATION\DEBUG\VC110.PDB
